2024-06-05 15:48:50,780 DEBUG    root            Loaded Command Group: ['gcloud', 'init']
2024-06-05 15:48:50,783 DEBUG    root            Running [gcloud.init] with arguments: []
2024-06-05 15:48:50,783 INFO     ___FILE_ONLY___ Welcome! This command will take you through the configuration of gcloud.


2024-06-05 15:48:50,786 INFO     ___FILE_ONLY___ Your current configuration has been set to: [default]


2024-06-05 15:48:50,786 INFO     ___FILE_ONLY___ You can skip diagnostics next time by using the following flag:

2024-06-05 15:48:50,786 INFO     ___FILE_ONLY___   gcloud init --skip-diagnostics


2024-06-05 15:48:50,788 INFO     ___FILE_ONLY___ Network diagnostic detects and fixes local network connection issues.

2024-06-05 15:48:50,788 INFO     ___FILE_ONLY___ Checking network connection...
2024-06-05 15:48:52,974 DEBUG    urllib3.connectionpool Starting new HTTPS connection (1): accounts.google.com:443
2024-06-05 15:48:53,084 DEBUG    urllib3.connectionpool https://accounts.google.com:443 "GET / HTTP/1.1" 302 365
2024-06-05 15:48:53,121 DEBUG    urllib3.connectionpool https://accounts.google.com:443 "GET /ServiceLogin?passive=1209600&continue=https%3A%2F%2Faccounts.google.com%2F&followup=https%3A%2F%2Faccounts.google.com%2F HTTP/1.1" 302 0
2024-06-05 15:48:53,177 DEBUG    urllib3.connectionpool https://accounts.google.com:443 "GET /InteractiveLogin?continue=https://accounts.google.com/&followup=https://accounts.google.com/&passive=1209600&ifkv=AS5LTAQ3bD3Uo_FO9o_9mpgFa1Iu7jZXjA-rcxs-GPhDglsPjrDmkig4N3AlV-N3T2ppgaenNCX9 HTTP/1.1" 302 553
2024-06-05 15:48:53,269 DEBUG    urllib3.connectionpool https://accounts.google.com:443 "GET /v3/signin/identifier?continue=https%3A%2F%2Faccounts.google.com%2F&followup=https%3A%2F%2Faccounts.google.com%2F&ifkv=AS5LTAQRQG1Sz7kRkSFSyxanJaru2PNpbCyYo6ka2LqkH8-m9mTST3nZAh95bWfV0_kfYr7dbzgZ&passive=1209600&flowName=WebLiteSignIn&flowEntry=ServiceLogin&dsh=S-1492252359%3A1717573733178581 HTTP/1.1" 200 None
2024-06-05 15:48:53,448 DEBUG    urllib3.connectionpool Starting new HTTPS connection (1): cloudresourcemanager.googleapis.com:443
2024-06-05 15:48:54,695 DEBUG    urllib3.connectionpool https://cloudresourcemanager.googleapis.com:443 "GET /v1beta1/projects HTTP/1.1" 401 None
2024-06-05 15:48:54,698 DEBUG    urllib3.connectionpool Starting new HTTPS connection (1): www.googleapis.com:443
2024-06-05 15:48:54,774 DEBUG    urllib3.connectionpool https://www.googleapis.com:443 "GET /auth/cloud-platform HTTP/1.1" 200 14
2024-06-05 15:48:54,782 DEBUG    urllib3.connectionpool Starting new HTTPS connection (1): dl.google.com:443
2024-06-05 15:48:55,037 DEBUG    urllib3.connectionpool https://dl.google.com:443 "GET /dl/cloudsdk/channels/rapid/components-2.json HTTP/1.1" 200 222658
2024-06-05 15:48:55,295 INFO     ___FILE_ONLY___ Reachability Check passed.

2024-06-05 15:48:55,296 INFO     ___FILE_ONLY___ Network diagnostic passed (1/1 checks passed).


2024-06-05 15:48:57,992 DEBUG    root            Loaded Command Group: ['gcloud', 'auth']
2024-06-05 15:48:58,046 DEBUG    root            Loaded Command Group: ['gcloud', 'auth', 'login']
2024-06-05 15:48:58,049 INFO     root            Executing: [gcloud auth login --force --brief]
2024-06-05 15:48:58,051 DEBUG    root            Running [gcloud.auth.login] with arguments: [--brief: "True", --force: "True"]
2024-06-05 15:48:58,333 DEBUG    requests_oauthlib.oauth2_session Generated new state xW83qrw1m6HdyJzGUXmDw3W0184rup.
2024-06-05 15:48:58,613 INFO     ___FILE_ONLY___ Your browser has been opened to visit:

    https://accounts.google.com/o/oauth2/auth?response_type=code&client_id=32555940559.apps.googleusercontent.com&redirect_uri=http%3A%2F%2Flocalhost%3A8085%2F&scope=openid+https%3A%2F%2Fwww.googleapis.com%2Fauth%2Fuserinfo.email+https%3A%2F%2Fwww.googleapis.com%2Fauth%2Fcloud-platform+https%3A%2F%2Fwww.googleapis.com%2Fauth%2Fappengine.admin+https%3A%2F%2Fwww.googleapis.com%2Fauth%2Fsqlservice.login+https%3A%2F%2Fwww.googleapis.com%2Fauth%2Fcompute+https%3A%2F%2Fwww.googleapis.com%2Fauth%2Faccounts.reauth&state=xW83qrw1m6HdyJzGUXmDw3W0184rup&access_type=offline&code_challenge=EozE6bnMHzH0bCk1RhKBFnkvWyY-ucxZ6vUDudby-Wk&code_challenge_method=S256


2024-06-05 15:49:33,266 INFO     google_auth_oauthlib.flow "GET /?state=xW83qrw1m6HdyJzGUXmDw3W0184rup&code=4/0AdLIrYcX3dFGFMrPcDJFRR0uelhOh4P-VFuVoy5Cn6zfTMdmpkLFUhPz-uPbzONYV8cx1Q&scope=email%20openid%20https://www.googleapis.com/auth/userinfo.email%20https://www.googleapis.com/auth/cloud-platform%20https://www.googleapis.com/auth/appengine.admin%20https://www.googleapis.com/auth/sqlservice.login%20https://www.googleapis.com/auth/compute%20https://www.googleapis.com/auth/accounts.reauth&authuser=0&prompt=consent HTTP/1.1" 200 959
2024-06-05 15:49:33,269 DEBUG    requests_oauthlib.oauth2_session Requesting url https://oauth2.googleapis.com/token using method POST.
2024-06-05 15:49:33,269 DEBUG    requests_oauthlib.oauth2_session Supplying headers {b'Accept': b'application/json', b'Content-Type': b'application/x-www-form-urlencoded;charset=UTF-8', b'user-agent': b'google-cloud-sdk gcloud/479.0.0 command/gcloud.auth.login invocation-id/e6ed729a7f214d5a89661f4ecad0b1ac environment/None environment-version/None client-os/MACOSX client-os-ver/23.5.0 client-pltf-arch/arm interactive/True from-script/False python/3.11.6 term/xterm-256color (Macintosh; Intel Mac OS X 23.5.0)'} and data {'grant_type': 'authorization_code', 'client_id': '32555940559.apps.googleusercontent.com', 'client_secret': 'ZmssLNjJy2998hD4CTg2ejr2', 'code': '4/0AdLIrYcX3dFGFMrPcDJFRR0uelhOh4P-VFuVoy5Cn6zfTMdmpkLFUhPz-uPbzONYV8cx1Q', 'redirect_uri': 'http://localhost:8085/', 'code_verifier': 'Z~h82TRsqrwiSK6eBo6ynrDGS2D_PEGeS9X_muFVPDA0LTIw1Q55d3QD9cHJGuxpLhE7hnzZUAyjNJZilIcUmGBLkWKJ8uAB1pU_B26tKPrhFmy~8.5Y2slWyEXlwEC~'}
2024-06-05 15:49:33,270 DEBUG    requests_oauthlib.oauth2_session Passing through key word arguments {'json': None, 'timeout': None, 'auth': None, 'verify': None, 'proxies': None}.
2024-06-05 15:49:33,276 DEBUG    urllib3.connectionpool Starting new HTTPS connection (1): oauth2.googleapis.com:443
2024-06-05 15:49:33,462 DEBUG    urllib3.connectionpool https://oauth2.googleapis.com:443 "POST /token HTTP/1.1" 200 None
2024-06-05 15:49:33,465 DEBUG    requests_oauthlib.oauth2_session Prepared fetch token request body grant_type=authorization_code&client_id=32555940559.apps.googleusercontent.com&client_secret=ZmssLNjJy2998hD4CTg2ejr2&code=4%2F0AdLIrYcX3dFGFMrPcDJFRR0uelhOh4P-VFuVoy5Cn6zfTMdmpkLFUhPz-uPbzONYV8cx1Q&redirect_uri=http%3A%2F%2Flocalhost%3A8085%2F&code_verifier=Z~h82TRsqrwiSK6eBo6ynrDGS2D_PEGeS9X_muFVPDA0LTIw1Q55d3QD9cHJGuxpLhE7hnzZUAyjNJZilIcUmGBLkWKJ8uAB1pU_B26tKPrhFmy~8.5Y2slWyEXlwEC~
2024-06-05 15:49:33,466 DEBUG    requests_oauthlib.oauth2_session Request to fetch token completed with status 200.
2024-06-05 15:49:33,467 DEBUG    requests_oauthlib.oauth2_session Request headers were {'user-agent': b'google-cloud-sdk gcloud/479.0.0 command/gcloud.auth.login invocation-id/e6ed729a7f214d5a89661f4ecad0b1ac environment/None environment-version/None client-os/MACOSX client-os-ver/23.5.0 client-pltf-arch/arm interactive/True from-script/False python/3.11.6 term/xterm-256color (Macintosh; Intel Mac OS X 23.5.0)', 'Accept-Encoding': 'gzip, deflate', 'Accept': b'application/json', 'Connection': 'keep-alive', 'Content-Type': b'application/x-www-form-urlencoded;charset=UTF-8', 'Content-Length': '387'}
2024-06-05 15:49:33,467 DEBUG    requests_oauthlib.oauth2_session Request body was grant_type=authorization_code&client_id=32555940559.apps.googleusercontent.com&client_secret=ZmssLNjJy2998hD4CTg2ejr2&code=4%2F0AdLIrYcX3dFGFMrPcDJFRR0uelhOh4P-VFuVoy5Cn6zfTMdmpkLFUhPz-uPbzONYV8cx1Q&redirect_uri=http%3A%2F%2Flocalhost%3A8085%2F&code_verifier=Z~h82TRsqrwiSK6eBo6ynrDGS2D_PEGeS9X_muFVPDA0LTIw1Q55d3QD9cHJGuxpLhE7hnzZUAyjNJZilIcUmGBLkWKJ8uAB1pU_B26tKPrhFmy~8.5Y2slWyEXlwEC~
2024-06-05 15:49:33,467 DEBUG    requests_oauthlib.oauth2_session Response headers were {'Date': 'Wed, 05 Jun 2024 07:49:33 GMT', 'Cache-Control': 'no-cache, no-store, max-age=0, must-revalidate', 'Pragma': 'no-cache', 'Expires': 'Mon, 01 Jan 1990 00:00:00 GMT', 'Content-Type': 'application/json; charset=utf-8', 'Vary': 'Origin, X-Origin, Referer', 'Content-Encoding': 'gzip', 'Server': 'scaffolding on HTTPServer2', 'X-XSS-Protection': '0', 'X-Frame-Options': 'SAMEORIGIN', 'X-Content-Type-Options': 'nosniff', 'Alt-Svc': 'h3=":443"; ma=2592000,h3-29=":443"; ma=2592000', 'Transfer-Encoding': 'chunked'} and content {
  "access_token": "ya29.a0AXooCgvBlw-_TMT8h0jmFIwRQaYQpa2IR2i9c9lOHEszC4op5lIKaAxySFTKULDJVtM9sQMTBRhqZTkhxdfSsFnojEGcFN1wjwz6lGrizMJTbtX383I4zyYA2H1EoVdPRuQG31a3Cvdse7WM2WYIYogKbnm6mlMuNp5mzv_icwaCgYKAZwSARASFQHGX2MiwsnvafshOfjYfL6wqqDr-g0177",
  "expires_in": 3599,
  "refresh_token": "1//0gQ5n-D-V8JPuCgYIARAAGBASNwF-L9IrKWgDalcNAojezeh3XlIbr07wr-VKy39qXEesi8PuI-aYzUdPKwwHZhxucPBk63D7Z-M",
  "scope": "https://www.googleapis.com/auth/appengine.admin https://www.googleapis.com/auth/cloud-platform https://www.googleapis.com/auth/compute https://www.googleapis.com/auth/sqlservice.login https://www.googleapis.com/auth/userinfo.email openid https://www.googleapis.com/auth/accounts.reauth",
  "token_type": "Bearer",
  "id_token": "eyJhbGciOiJSUzI1NiIsImtpZCI6IjY3NGRiYmE4ZmFlZTY5YWNhZTFiYzFiZTE5MDQ1MzY3OGY0NzI4MDMiLCJ0eXAiOiJKV1QifQ.eyJpc3MiOiJodHRwczovL2FjY291bnRzLmdvb2dsZS5jb20iLCJhenAiOiIzMjU1NTk0MDU1OS5hcHBzLmdvb2dsZXVzZXJjb250ZW50LmNvbSIsImF1ZCI6IjMyNTU1OTQwNTU5LmFwcHMuZ29vZ2xldXNlcmNvbnRlbnQuY29tIiwic3ViIjoiMTA0NzAwMjU4ODIxNTIwMjcxMDYyIiwiZW1haWwiOiJkYXZpZC53ZWl1Y2hlbmdAZ21haWwuY29tIiwiZW1haWxfdmVyaWZpZWQiOnRydWUsImF0X2hhc2giOiJwcE1XUC1pdEZvNS1udnFwaG5acjZRIiwiaWF0IjoxNzE3NTczNzczLCJleHAiOjE3MTc1NzczNzN9.L0n7J6S99ZWaXMXuOxEMdB8_Dq87RG1E5xQ6JDJfmzTbxjUgWGQLu2TN8JCN5PIyX8M5SHyTT0xYz_KOVCai2DgZqfLVR0alP6rWpZzAy3BeBkXNRkwkGVw3S66-8Fdr2Jxlt9roc_ZjtliBQX2gIPtvpJpF9IQ8g9i5Dt-OQ20jhoMdOKDFw2z8lPFOCXU4_ESm_XmVuYf21Ljnzq9UVFMGqvFgrMK8mf0cTcHERRgRpv-x1m9DKvDoULcaM3wDTnsed5OQ3zUO5Do1-8epLm9ItUKsojiHoYY-bww02HytKXW3Rp9DYUDVKqfTxwo_N8_xQ7qsLSBenGUhg1y--A"
}.
2024-06-05 15:49:33,467 DEBUG    requests_oauthlib.oauth2_session Invoking 0 token response hooks.
2024-06-05 15:49:33,467 DEBUG    requests_oauthlib.oauth2_session Obtained token {'access_token': 'ya29.a0AXooCgvBlw-_TMT8h0jmFIwRQaYQpa2IR2i9c9lOHEszC4op5lIKaAxySFTKULDJVtM9sQMTBRhqZTkhxdfSsFnojEGcFN1wjwz6lGrizMJTbtX383I4zyYA2H1EoVdPRuQG31a3Cvdse7WM2WYIYogKbnm6mlMuNp5mzv_icwaCgYKAZwSARASFQHGX2MiwsnvafshOfjYfL6wqqDr-g0177', 'expires_in': 3599, 'refresh_token': '1//0gQ5n-D-V8JPuCgYIARAAGBASNwF-L9IrKWgDalcNAojezeh3XlIbr07wr-VKy39qXEesi8PuI-aYzUdPKwwHZhxucPBk63D7Z-M', 'scope': ['https://www.googleapis.com/auth/appengine.admin', 'https://www.googleapis.com/auth/cloud-platform', 'https://www.googleapis.com/auth/compute', 'https://www.googleapis.com/auth/sqlservice.login', 'https://www.googleapis.com/auth/userinfo.email', 'openid', 'https://www.googleapis.com/auth/accounts.reauth'], 'token_type': 'Bearer', 'id_token': 'eyJhbGciOiJSUzI1NiIsImtpZCI6IjY3NGRiYmE4ZmFlZTY5YWNhZTFiYzFiZTE5MDQ1MzY3OGY0NzI4MDMiLCJ0eXAiOiJKV1QifQ.eyJpc3MiOiJodHRwczovL2FjY291bnRzLmdvb2dsZS5jb20iLCJhenAiOiIzMjU1NTk0MDU1OS5hcHBzLmdvb2dsZXVzZXJjb250ZW50LmNvbSIsImF1ZCI6IjMyNTU1OTQwNTU5LmFwcHMuZ29vZ2xldXNlcmNvbnRlbnQuY29tIiwic3ViIjoiMTA0NzAwMjU4ODIxNTIwMjcxMDYyIiwiZW1haWwiOiJkYXZpZC53ZWl1Y2hlbmdAZ21haWwuY29tIiwiZW1haWxfdmVyaWZpZWQiOnRydWUsImF0X2hhc2giOiJwcE1XUC1pdEZvNS1udnFwaG5acjZRIiwiaWF0IjoxNzE3NTczNzczLCJleHAiOjE3MTc1NzczNzN9.L0n7J6S99ZWaXMXuOxEMdB8_Dq87RG1E5xQ6JDJfmzTbxjUgWGQLu2TN8JCN5PIyX8M5SHyTT0xYz_KOVCai2DgZqfLVR0alP6rWpZzAy3BeBkXNRkwkGVw3S66-8Fdr2Jxlt9roc_ZjtliBQX2gIPtvpJpF9IQ8g9i5Dt-OQ20jhoMdOKDFw2z8lPFOCXU4_ESm_XmVuYf21Ljnzq9UVFMGqvFgrMK8mf0cTcHERRgRpv-x1m9DKvDoULcaM3wDTnsed5OQ3zUO5Do1-8epLm9ItUKsojiHoYY-bww02HytKXW3Rp9DYUDVKqfTxwo_N8_xQ7qsLSBenGUhg1y--A', 'expires_at': 1717577372.4675741}.
2024-06-05 15:49:33,496 DEBUG    root            Chosen display Format:none
2024-06-05 15:49:33,498 INFO     root            Display format: "none"
2024-06-05 15:49:33,661 INFO     ___FILE_ONLY___ You are logged in as: [david.weiucheng@gmail.com].


2024-06-05 15:49:33,710 DEBUG    urllib3.connectionpool Starting new HTTPS connection (1): cloudresourcemanager.googleapis.com:443
2024-06-05 15:49:35,212 DEBUG    urllib3.connectionpool https://cloudresourcemanager.googleapis.com:443 "GET /v1/projects?alt=json&filter=lifecycleState%3AACTIVE&pageSize=201 HTTP/1.1" 200 None
2024-06-05 15:49:52,824 INFO     ___FILE_ONLY___ Your current project has been set to: [intense-dolphin-423323-m4].


2024-06-05 15:49:53,080 DEBUG    root            Loaded Command Group: ['gcloud', 'compute']
2024-06-05 15:49:53,088 DEBUG    root            Loaded Command Group: ['gcloud', 'compute', 'project_info']
2024-06-05 15:49:53,131 DEBUG    root            Loaded Command Group: ['gcloud', 'compute', 'project-info', 'describe']
2024-06-05 15:49:53,133 INFO     root            Executing: [gcloud compute project-info describe --quiet]
2024-06-05 15:49:53,134 DEBUG    root            Running [gcloud.compute.project-info.describe] with arguments: [--no-user-output-enabled: "false", --quiet: "True", --verbosity: "none"]
2024-06-05 15:49:53,429 DEBUG    urllib3.connectionpool Starting new HTTPS connection (1): compute.googleapis.com:443
2024-06-05 15:49:53,833 DEBUG    urllib3.connectionpool https://compute.googleapis.com:443 "GET /compute/v1/projects/intense-dolphin-423323-m4?alt=json HTTP/1.1" 403 None
2024-06-05 15:49:53,838 DEBUG    root            Chosen display Format:default
2024-06-05 15:49:53,843 DEBUG    root            Chosen display Format:default
2024-06-05 15:49:53,857 DEBUG    root            Chosen display Format:default
2024-06-05 15:49:53,875 DEBUG    root            Chosen display Format:default
2024-06-05 15:49:53,859 DEBUG    root            (gcloud.compute.project-info.describe) [david.weiucheng@gmail.com] does not have permission to access projects instance [intense-dolphin-423323-m4] (or it may not exist): Compute Engine API has not been used in project intense-dolphin-423323-m4 before or it is disabled. Enable it by visiting https://console.developers.google.com/apis/api/compute.googleapis.com/overview?project=intense-dolphin-423323-m4 then retry. If you enabled this API recently, wait a few minutes for the action to propagate to our systems and retry. This command is authenticated as david.weiucheng@gmail.com which is the active account specified by the [core/account] property.
- '@type': type.googleapis.com/google.rpc.Help
  links:
  - description: Google developers console API activation
    url: https://console.developers.google.com/apis/api/compute.googleapis.com/overview?project=intense-dolphin-423323-m4
- '@type': type.googleapis.com/google.rpc.ErrorInfo
  domain: googleapis.com
  metadatas:
    consumer: projects/intense-dolphin-423323-m4
    service: compute.googleapis.com
  reason: SERVICE_DISABLED
Traceback (most recent call last):
  File "/Users/davidtan/google-cloud-sdk/lib/googlecloudsdk/calliope/cli.py", line 998, in Execute
    resources = calliope_command.Run(cli=self, args=args)
                ^^^^^^^^^^^^^^^^^^^^^^^^^^^^^^^^^^^^^^^^^
  File "/Users/davidtan/google-cloud-sdk/lib/googlecloudsdk/calliope/backend.py", line 815, in Run
    resources = command_instance.Run(args)
                ^^^^^^^^^^^^^^^^^^^^^^^^^^
  File "/Users/davidtan/google-cloud-sdk/lib/surface/compute/project_info/describe.py", line 37, in Run
    return client.MakeRequests([(client.apitools_client.projects, 'Get',
           ^^^^^^^^^^^^^^^^^^^^^^^^^^^^^^^^^^^^^^^^^^^^^^^^^^^^^^^^^^^^^
  File "/Users/davidtan/google-cloud-sdk/lib/googlecloudsdk/api_lib/compute/client_adapter.py", line 128, in MakeRequests
    objects = list(
              ^^^^^
  File "/Users/davidtan/google-cloud-sdk/lib/googlecloudsdk/api_lib/compute/request_helper.py", line 321, in MakeRequests
    responses, new_errors = single_request_helper.MakeSingleRequest(
                            ^^^^^^^^^^^^^^^^^^^^^^^^^^^^^^^^^^^^^^^^
  File "/Users/davidtan/google-cloud-sdk/lib/googlecloudsdk/api_lib/compute/single_request_helper.py", line 69, in MakeSingleRequest
    response = getattr(service, method)(request=request_body)
               ^^^^^^^^^^^^^^^^^^^^^^^^^^^^^^^^^^^^^^^^^^^^^^
  File "/Users/davidtan/google-cloud-sdk/lib/googlecloudsdk/generated_clients/apis/compute/v1/compute_v1_client.py", line 10867, in Get
    return self._RunMethod(
           ^^^^^^^^^^^^^^^^
  File "/Users/davidtan/google-cloud-sdk/lib/third_party/apitools/base/py/base_api.py", line 734, in _RunMethod
    http_response = http_wrapper.MakeRequest(
                    ^^^^^^^^^^^^^^^^^^^^^^^^^
  File "/Users/davidtan/google-cloud-sdk/lib/third_party/apitools/base/py/http_wrapper.py", line 348, in MakeRequest
    return _MakeRequestNoRetry(
           ^^^^^^^^^^^^^^^^^^^^
  File "/Users/davidtan/google-cloud-sdk/lib/third_party/apitools/base/py/http_wrapper.py", line 406, in _MakeRequestNoRetry
    check_response_func(response)
  File "/Users/davidtan/google-cloud-sdk/lib/googlecloudsdk/api_lib/util/apis.py", line 243, in _CheckResponse
    _CheckForApiEnablementError(response_as_error)
  File "/Users/davidtan/google-cloud-sdk/lib/googlecloudsdk/api_lib/util/apis.py", line 209, in _CheckForApiEnablementError
    PromptToEnableApi(*enablement_info)
  File "/Users/davidtan/google-cloud-sdk/lib/googlecloudsdk/api_lib/util/apis.py", line 192, in PromptToEnableApi
    raise exception
googlecloudsdk.api_lib.util.exceptions.HttpException: [david.weiucheng@gmail.com] does not have permission to access projects instance [intense-dolphin-423323-m4] (or it may not exist): Compute Engine API has not been used in project intense-dolphin-423323-m4 before or it is disabled. Enable it by visiting https://console.developers.google.com/apis/api/compute.googleapis.com/overview?project=intense-dolphin-423323-m4 then retry. If you enabled this API recently, wait a few minutes for the action to propagate to our systems and retry. This command is authenticated as david.weiucheng@gmail.com which is the active account specified by the [core/account] property.
- '@type': type.googleapis.com/google.rpc.Help
  links:
  - description: Google developers console API activation
    url: https://console.developers.google.com/apis/api/compute.googleapis.com/overview?project=intense-dolphin-423323-m4
- '@type': type.googleapis.com/google.rpc.ErrorInfo
  domain: googleapis.com
  metadatas:
    consumer: projects/intense-dolphin-423323-m4
    service: compute.googleapis.com
  reason: SERVICE_DISABLED
2024-06-05 15:49:53,882 ERROR    root            (gcloud.compute.project-info.describe) [david.weiucheng@gmail.com] does not have permission to access projects instance [intense-dolphin-423323-m4] (or it may not exist): Compute Engine API has not been used in project intense-dolphin-423323-m4 before or it is disabled. Enable it by visiting https://console.developers.google.com/apis/api/compute.googleapis.com/overview?project=intense-dolphin-423323-m4 then retry. If you enabled this API recently, wait a few minutes for the action to propagate to our systems and retry. This command is authenticated as david.weiucheng@gmail.com which is the active account specified by the [core/account] property.
- '@type': type.googleapis.com/google.rpc.Help
  links:
  - description: Google developers console API activation
    url: https://console.developers.google.com/apis/api/compute.googleapis.com/overview?project=intense-dolphin-423323-m4
- '@type': type.googleapis.com/google.rpc.ErrorInfo
  domain: googleapis.com
  metadatas:
    consumer: projects/intense-dolphin-423323-m4
    service: compute.googleapis.com
  reason: SERVICE_DISABLED
2024-06-05 15:49:53,882 INFO     root            [compute project-info describe --quiet] has failed

2024-06-05 15:49:53,882 INFO     ___FILE_ONLY___ Not setting default zone/region (this feature makes it easier to use
[gcloud compute] by setting an appropriate default value for the
--zone and --region flag).
See https://cloud.google.com/compute/docs/gcloud-compute section on how to set
default compute region and zone manually. If you would like [gcloud init] to be
able to do this for you the next time you run it, make sure the
Compute Engine API is enabled for your project on the
https://console.developers.google.com/apis page.


2024-06-05 15:49:53,883 DEBUG    root            Executing command: ['/Users/davidtan/google-cloud-sdk/bin/gsutil', 'config', '-n', '-o', '/Users/davidtan/.boto']
2024-06-05 15:50:00,371 DEBUG    ___FILE_ONLY___ 
2024-06-05 15:50:00,371 DEBUG    ___FILE_ONLY___ This command will create a boto config file at /Users/davidtan/.boto
containing your credentials, based on your responses to the following
questions.

Boto config file "/Users/davidtan/.boto" created. If you need to use a
proxy to access the Internet please see the instructions in that file.

2024-06-05 15:50:00,371 INFO     ___FILE_ONLY___ Created a default .boto configuration file at [/Users/davidtan/.boto]. See this file and
[https://cloud.google.com/storage/docs/gsutil/commands/config] for more
information about configuring Google Cloud Storage.

2024-06-05 15:50:00,371 INFO     ___FILE_ONLY___ Your Google Cloud SDK is configured and ready to use!


2024-06-05 15:50:00,371 INFO     ___FILE_ONLY___ * Commands that require authentication will use david.weiucheng@gmail.com by default

2024-06-05 15:50:00,371 INFO     ___FILE_ONLY___ * Commands will reference project `intense-dolphin-423323-m4` by default

2024-06-05 15:50:00,371 INFO     ___FILE_ONLY___ Run `gcloud help config` to learn how to change individual settings


2024-06-05 15:50:00,371 INFO     ___FILE_ONLY___ This gcloud configuration is called [default]. You can create additional configurations if you work with multiple accounts and/or projects.

2024-06-05 15:50:00,372 INFO     ___FILE_ONLY___ Run `gcloud topic configurations` to learn more.


2024-06-05 15:50:00,372 INFO     ___FILE_ONLY___ Some things to try next:


2024-06-05 15:50:00,372 INFO     ___FILE_ONLY___ * Run `gcloud --help` to see the Cloud Platform services you can interact with. And run `gcloud help COMMAND` to get help on any gcloud command.

2024-06-05 15:50:00,372 INFO     ___FILE_ONLY___ * Run `gcloud topic --help` to learn about advanced features of the SDK like arg files and output formatting

2024-06-05 15:50:00,372 INFO     ___FILE_ONLY___ * Run `gcloud cheat-sheet` to see a roster of go-to `gcloud` commands.

2024-06-05 15:50:00,372 DEBUG    root            Chosen display Format:default
2024-06-05 15:50:00,372 INFO     root            Display format: "default"
