2024-06-05 15:46:55,282 DEBUG    root            Loaded Command Group: ['gcloud', 'auth']
2024-06-05 15:46:55,284 DEBUG    root            Loaded Command Group: ['gcloud', 'auth', 'application_default']
2024-06-05 15:46:55,392 DEBUG    root            Loaded Command Group: ['gcloud', 'auth', 'application-default', 'login']
2024-06-05 15:46:55,393 DEBUG    root            Running [gcloud.auth.application-default.login] with arguments: []
2024-06-05 15:46:55,576 DEBUG    requests_oauthlib.oauth2_session Generated new state p60GY2E2PxXOU1OZ27rjoya2joME8v.
2024-06-05 15:46:56,151 INFO     ___FILE_ONLY___ Your browser has been opened to visit:

    https://accounts.google.com/o/oauth2/auth?response_type=code&client_id=764086051850-6qr4p6gpi6hn506pt8ejuq83di341hur.apps.googleusercontent.com&redirect_uri=http%3A%2F%2Flocalhost%3A8085%2F&scope=openid+https%3A%2F%2Fwww.googleapis.com%2Fauth%2Fuserinfo.email+https%3A%2F%2Fwww.googleapis.com%2Fauth%2Fcloud-platform+https%3A%2F%2Fwww.googleapis.com%2Fauth%2Fsqlservice.login&state=p60GY2E2PxXOU1OZ27rjoya2joME8v&access_type=offline&code_challenge=XCRdCTXtjXmZR7ZBkFcXr5WIc6Ru_tlPrvkYFr4OzNc&code_challenge_method=S256


2024-06-05 15:47:05,692 INFO     google_auth_oauthlib.flow "GET /?state=p60GY2E2PxXOU1OZ27rjoya2joME8v&code=4/0AdLIrYfyNAa-tvPKEoqhmmZ3aKo_XFDnCpt356y7j095JLLMcwVpmQ3KvwNdVKSXmoiC0Q&scope=email%20openid%20https://www.googleapis.com/auth/userinfo.email%20https://www.googleapis.com/auth/cloud-platform%20https://www.googleapis.com/auth/sqlservice.login&authuser=0&prompt=consent HTTP/1.1" 200 959
2024-06-05 15:47:05,693 DEBUG    requests_oauthlib.oauth2_session Requesting url https://oauth2.googleapis.com/token using method POST.
2024-06-05 15:47:05,693 DEBUG    requests_oauthlib.oauth2_session Supplying headers {b'Accept': b'application/json', b'Content-Type': b'application/x-www-form-urlencoded;charset=UTF-8', b'user-agent': b'google-cloud-sdk gcloud/479.0.0 command/gcloud.auth.application-default.login invocation-id/904ab5ffb4084e769b083d1930710da3 environment/None environment-version/None client-os/MACOSX client-os-ver/23.5.0 client-pltf-arch/arm interactive/True from-script/False python/3.11.6 term/xterm-256color (Macintosh; Intel Mac OS X 23.5.0)'} and data {'grant_type': 'authorization_code', 'client_id': '764086051850-6qr4p6gpi6hn506pt8ejuq83di341hur.apps.googleusercontent.com', 'client_secret': 'd-FL95Q19q7MQmFpd7hHD0Ty', 'code': '4/0AdLIrYfyNAa-tvPKEoqhmmZ3aKo_XFDnCpt356y7j095JLLMcwVpmQ3KvwNdVKSXmoiC0Q', 'redirect_uri': 'http://localhost:8085/', 'code_verifier': 'NSC3fCautimYSytK5Jj--fhNT1SSL7olT21jwOGt.q_XxG4dw37v-94~pkVIf6ZxYT9XY3rBhuIQUtB1FuOkGyNUe-wAagQIKKSc8ZCUGvATqfLY~vS4MkYogEEli0XV'}
2024-06-05 15:47:05,693 DEBUG    requests_oauthlib.oauth2_session Passing through key word arguments {'json': None, 'timeout': None, 'auth': None, 'verify': None, 'proxies': None}.
2024-06-05 15:47:05,730 DEBUG    urllib3.connectionpool Starting new HTTPS connection (1): oauth2.googleapis.com:443
2024-06-05 15:47:05,924 DEBUG    urllib3.connectionpool https://oauth2.googleapis.com:443 "POST /token HTTP/1.1" 200 None
2024-06-05 15:47:05,924 DEBUG    requests_oauthlib.oauth2_session Prepared fetch token request body grant_type=authorization_code&client_id=764086051850-6qr4p6gpi6hn506pt8ejuq83di341hur.apps.googleusercontent.com&client_secret=d-FL95Q19q7MQmFpd7hHD0Ty&code=4%2F0AdLIrYfyNAa-tvPKEoqhmmZ3aKo_XFDnCpt356y7j095JLLMcwVpmQ3KvwNdVKSXmoiC0Q&redirect_uri=http%3A%2F%2Flocalhost%3A8085%2F&code_verifier=NSC3fCautimYSytK5Jj--fhNT1SSL7olT21jwOGt.q_XxG4dw37v-94~pkVIf6ZxYT9XY3rBhuIQUtB1FuOkGyNUe-wAagQIKKSc8ZCUGvATqfLY~vS4MkYogEEli0XV
2024-06-05 15:47:05,924 DEBUG    requests_oauthlib.oauth2_session Request to fetch token completed with status 200.
2024-06-05 15:47:05,924 DEBUG    requests_oauthlib.oauth2_session Request headers were {'user-agent': b'google-cloud-sdk gcloud/479.0.0 command/gcloud.auth.application-default.login invocation-id/904ab5ffb4084e769b083d1930710da3 environment/None environment-version/None client-os/MACOSX client-os-ver/23.5.0 client-pltf-arch/arm interactive/True from-script/False python/3.11.6 term/xterm-256color (Macintosh; Intel Mac OS X 23.5.0)', 'Accept-Encoding': 'gzip, deflate', 'Accept': b'application/json', 'Connection': 'keep-alive', 'Content-Type': b'application/x-www-form-urlencoded;charset=UTF-8', 'Content-Length': '421'}
2024-06-05 15:47:05,925 DEBUG    requests_oauthlib.oauth2_session Request body was grant_type=authorization_code&client_id=764086051850-6qr4p6gpi6hn506pt8ejuq83di341hur.apps.googleusercontent.com&client_secret=d-FL95Q19q7MQmFpd7hHD0Ty&code=4%2F0AdLIrYfyNAa-tvPKEoqhmmZ3aKo_XFDnCpt356y7j095JLLMcwVpmQ3KvwNdVKSXmoiC0Q&redirect_uri=http%3A%2F%2Flocalhost%3A8085%2F&code_verifier=NSC3fCautimYSytK5Jj--fhNT1SSL7olT21jwOGt.q_XxG4dw37v-94~pkVIf6ZxYT9XY3rBhuIQUtB1FuOkGyNUe-wAagQIKKSc8ZCUGvATqfLY~vS4MkYogEEli0XV
2024-06-05 15:47:05,925 DEBUG    requests_oauthlib.oauth2_session Response headers were {'Pragma': 'no-cache', 'Cache-Control': 'no-cache, no-store, max-age=0, must-revalidate', 'Expires': 'Mon, 01 Jan 1990 00:00:00 GMT', 'Date': 'Wed, 05 Jun 2024 07:47:05 GMT', 'Content-Type': 'application/json; charset=utf-8', 'Vary': 'Origin, X-Origin, Referer', 'Content-Encoding': 'gzip', 'Server': 'scaffolding on HTTPServer2', 'X-XSS-Protection': '0', 'X-Frame-Options': 'SAMEORIGIN', 'X-Content-Type-Options': 'nosniff', 'Alt-Svc': 'h3=":443"; ma=2592000,h3-29=":443"; ma=2592000', 'Transfer-Encoding': 'chunked'} and content {
  "access_token": "ya29.a0AXooCgtw4LCTwFDh7OADJo6Oo6NuIwUdqutzwJsDAWEdo5iBPfR2ztySEofB56TD3bWZhu0shDjlv2gaHtBE65taW2CwIrbNGCGBqyXjcPqqn5bXC50bp8lsV8spESw49644CcKm204Wlzr_8Er4jPosp4QNaFZ9YBKXaCgYKAXwSARASFQHGX2MimuclQRk1Hrxy9Rms3W9CMQ0171",
  "expires_in": 3599,
  "refresh_token": "1//0gO2psyHfF0sLCgYIARAAGBASNwF-L9Ir7jFZ4XUoGqQ74JrG65LfMQOp7wuRF5IiKEnI2HU0vCLWhnY5fhFCFTgtQydVmhtB7X4",
  "scope": "https://www.googleapis.com/auth/cloud-platform openid https://www.googleapis.com/auth/userinfo.email https://www.googleapis.com/auth/sqlservice.login",
  "token_type": "Bearer",
  "id_token": "eyJhbGciOiJSUzI1NiIsImtpZCI6IjY3NGRiYmE4ZmFlZTY5YWNhZTFiYzFiZTE5MDQ1MzY3OGY0NzI4MDMiLCJ0eXAiOiJKV1QifQ.eyJpc3MiOiJodHRwczovL2FjY291bnRzLmdvb2dsZS5jb20iLCJhenAiOiI3NjQwODYwNTE4NTAtNnFyNHA2Z3BpNmhuNTA2cHQ4ZWp1cTgzZGkzNDFodXIuYXBwcy5nb29nbGV1c2VyY29udGVudC5jb20iLCJhdWQiOiI3NjQwODYwNTE4NTAtNnFyNHA2Z3BpNmhuNTA2cHQ4ZWp1cTgzZGkzNDFodXIuYXBwcy5nb29nbGV1c2VyY29udGVudC5jb20iLCJzdWIiOiIxMDQ3MDAyNTg4MjE1MjAyNzEwNjIiLCJlbWFpbCI6ImRhdmlkLndlaXVjaGVuZ0BnbWFpbC5jb20iLCJlbWFpbF92ZXJpZmllZCI6dHJ1ZSwiYXRfaGFzaCI6IkdXYmNtNi1HdUI1dlUyZHEwTVBHcVEiLCJpYXQiOjE3MTc1NzM2MjUsImV4cCI6MTcxNzU3NzIyNX0.hjHz7SxCu8bKiQMFi3CBsSKqhxqPi6L3UQ4znWAVMMgxV0Siqjwu0Gm5Qmh8uG4xjCEelnQ4eJQRll5owWElPdS6G54jwUjtC7gxMVm_IIxlDGYkfeKbhUFIm9ug5CeoRZhmBwej84xXfR9FuK5rskHOVdBMuQtTaoSJEBiEzJLT3cM_h4whivzqLPTRLRSLEGdjiM8kmZTZvN4tuLH_WTIWxBkW1eDQfkCKJK4HXl_o4VycRTnMdSFQjWXZB6tZeJWPfhHd0xCeK5-ZTL1eTq1SZ5sDgb55LahdPCCD9a_3FNNuaLuSSx69h63B1a8rymG_8ZbdHYMPh3toC8q2QA"
}.
2024-06-05 15:47:05,925 DEBUG    requests_oauthlib.oauth2_session Invoking 0 token response hooks.
2024-06-05 15:47:05,925 DEBUG    requests_oauthlib.oauth2_session Obtained token {'access_token': 'ya29.a0AXooCgtw4LCTwFDh7OADJo6Oo6NuIwUdqutzwJsDAWEdo5iBPfR2ztySEofB56TD3bWZhu0shDjlv2gaHtBE65taW2CwIrbNGCGBqyXjcPqqn5bXC50bp8lsV8spESw49644CcKm204Wlzr_8Er4jPosp4QNaFZ9YBKXaCgYKAXwSARASFQHGX2MimuclQRk1Hrxy9Rms3W9CMQ0171', 'expires_in': 3599, 'refresh_token': '1//0gO2psyHfF0sLCgYIARAAGBASNwF-L9Ir7jFZ4XUoGqQ74JrG65LfMQOp7wuRF5IiKEnI2HU0vCLWhnY5fhFCFTgtQydVmhtB7X4', 'scope': ['https://www.googleapis.com/auth/cloud-platform', 'openid', 'https://www.googleapis.com/auth/userinfo.email', 'https://www.googleapis.com/auth/sqlservice.login'], 'token_type': 'Bearer', 'id_token': 'eyJhbGciOiJSUzI1NiIsImtpZCI6IjY3NGRiYmE4ZmFlZTY5YWNhZTFiYzFiZTE5MDQ1MzY3OGY0NzI4MDMiLCJ0eXAiOiJKV1QifQ.eyJpc3MiOiJodHRwczovL2FjY291bnRzLmdvb2dsZS5jb20iLCJhenAiOiI3NjQwODYwNTE4NTAtNnFyNHA2Z3BpNmhuNTA2cHQ4ZWp1cTgzZGkzNDFodXIuYXBwcy5nb29nbGV1c2VyY29udGVudC5jb20iLCJhdWQiOiI3NjQwODYwNTE4NTAtNnFyNHA2Z3BpNmhuNTA2cHQ4ZWp1cTgzZGkzNDFodXIuYXBwcy5nb29nbGV1c2VyY29udGVudC5jb20iLCJzdWIiOiIxMDQ3MDAyNTg4MjE1MjAyNzEwNjIiLCJlbWFpbCI6ImRhdmlkLndlaXVjaGVuZ0BnbWFpbC5jb20iLCJlbWFpbF92ZXJpZmllZCI6dHJ1ZSwiYXRfaGFzaCI6IkdXYmNtNi1HdUI1dlUyZHEwTVBHcVEiLCJpYXQiOjE3MTc1NzM2MjUsImV4cCI6MTcxNzU3NzIyNX0.hjHz7SxCu8bKiQMFi3CBsSKqhxqPi6L3UQ4znWAVMMgxV0Siqjwu0Gm5Qmh8uG4xjCEelnQ4eJQRll5owWElPdS6G54jwUjtC7gxMVm_IIxlDGYkfeKbhUFIm9ug5CeoRZhmBwej84xXfR9FuK5rskHOVdBMuQtTaoSJEBiEzJLT3cM_h4whivzqLPTRLRSLEGdjiM8kmZTZvN4tuLH_WTIWxBkW1eDQfkCKJK4HXl_o4VycRTnMdSFQjWXZB6tZeJWPfhHd0xCeK5-ZTL1eTq1SZ5sDgb55LahdPCCD9a_3FNNuaLuSSx69h63B1a8rymG_8ZbdHYMPh3toC8q2QA', 'expires_at': 1717577224.925119}.
2024-06-05 15:47:05,989 INFO     ___FILE_ONLY___ 
Credentials saved to file: [/Users/davidtan/.config/gcloud/application_default_credentials.json]

2024-06-05 15:47:05,990 INFO     ___FILE_ONLY___ 
These credentials will be used by any library that requests Application Default Credentials (ADC).

2024-06-05 15:47:05,990 WARNING  root            
Cannot find a quota project to add to ADC. You might receive a "quota exceeded" or "API not enabled" error. Run $ gcloud auth application-default set-quota-project to add a quota project.
2024-06-05 15:47:05,990 DEBUG    root            Chosen display Format:none
2024-06-05 15:47:05,990 INFO     root            Display format: "none"
